  Game.cpp
C:\Users\owner\Documents\Heewoo\Graphics\assn\assn3\repos\assn3_2_sub\assn3_2_sub\Angel.h(63,48): warning C4305: '초기화 중': 'double'에서 'GLfloat'(으)로 잘립니다.
C:\Users\owner\Documents\Heewoo\Graphics\assn\assn3\repos\assn3_2_sub\assn3_2_sub\mat.h(765,23): warning C4244: '=': 'double'에서 'GLfloat'(으)로 변환하면서 데이터가 손실될 수 있습니다.
C:\Users\owner\Documents\Heewoo\Graphics\assn\assn3\repos\assn3_2_sub\assn3_2_sub\mat.h(766,23): warning C4244: '=': 'double'에서 'GLfloat'(으)로 변환하면서 데이터가 손실될 수 있습니다.
C:\Users\owner\Documents\Heewoo\Graphics\assn\assn3\repos\assn3_2_sub\assn3_2_sub\mat.h(767,23): warning C4244: '=': 'double'에서 'GLfloat'(으)로 변환하면서 데이터가 손실될 수 있습니다.
C:\Users\owner\Documents\Heewoo\Graphics\assn\assn3\repos\assn3_2_sub\assn3_2_sub\mat.h(788,31): warning C4244: '=': 'double'에서 'GLfloat'(으)로 변환하면서 데이터가 손실될 수 있습니다.
C:\Users\owner\Documents\Heewoo\Graphics\assn\assn3\repos\assn3_2_sub\assn3_2_sub\mat.h(790,31): warning C4244: '=': 'double'에서 'GLfloat'(으)로 변환하면서 데이터가 손실될 수 있습니다.
C:\Users\owner\Documents\Heewoo\Graphics\assn\assn3\repos\assn3_2_sub\assn3_2_sub\mat.h(793,39): warning C4244: '=': 'double'에서 'GLfloat'(으)로 변환하면서 데이터가 손실될 수 있습니다.
C:\Users\owner\Documents\Heewoo\Graphics\assn\assn3\repos\assn3_2_sub\assn3_2_sub\mat.h(810,39): warning C4244: '=': 'double'에서 'GLfloat'(으)로 변환하면서 데이터가 손실될 수 있습니다.
C:\Users\owner\Documents\Heewoo\Graphics\assn\assn3\repos\assn3_2_sub\assn3_2_sub\Game.h(20,22): warning C4305: '인수': 'double'에서 'GLfloat'(으)로 잘립니다.
C:\Users\owner\Documents\Heewoo\Graphics\assn\assn3\repos\assn3_2_sub\assn3_2_sub\Game.h(21,23): warning C4305: '인수': 'double'에서 'GLfloat'(으)로 잘립니다.
C:\Users\owner\Documents\Heewoo\Graphics\assn\assn3\repos\assn3_2_sub\assn3_2_sub\Game.h(22,18): warning C4305: '초기화 중': 'double'에서 'float'(으)로 잘립니다.
  Model.cpp
C:\Users\owner\Documents\Heewoo\Graphics\assn\assn3\repos\assn3_2_sub\assn3_2_sub\Angel.h(63,48): warning C4305: '초기화 중': 'double'에서 'GLfloat'(으)로 잘립니다.
C:\Users\owner\Documents\Heewoo\Graphics\assn\assn3\repos\assn3_2_sub\assn3_2_sub\mat.h(765,23): warning C4244: '=': 'double'에서 'GLfloat'(으)로 변환하면서 데이터가 손실될 수 있습니다.
C:\Users\owner\Documents\Heewoo\Graphics\assn\assn3\repos\assn3_2_sub\assn3_2_sub\mat.h(766,23): warning C4244: '=': 'double'에서 'GLfloat'(으)로 변환하면서 데이터가 손실될 수 있습니다.
C:\Users\owner\Documents\Heewoo\Graphics\assn\assn3\repos\assn3_2_sub\assn3_2_sub\mat.h(767,23): warning C4244: '=': 'double'에서 'GLfloat'(으)로 변환하면서 데이터가 손실될 수 있습니다.
C:\Users\owner\Documents\Heewoo\Graphics\assn\assn3\repos\assn3_2_sub\assn3_2_sub\mat.h(788,31): warning C4244: '=': 'double'에서 'GLfloat'(으)로 변환하면서 데이터가 손실될 수 있습니다.
C:\Users\owner\Documents\Heewoo\Graphics\assn\assn3\repos\assn3_2_sub\assn3_2_sub\mat.h(790,31): warning C4244: '=': 'double'에서 'GLfloat'(으)로 변환하면서 데이터가 손실될 수 있습니다.
C:\Users\owner\Documents\Heewoo\Graphics\assn\assn3\repos\assn3_2_sub\assn3_2_sub\mat.h(793,39): warning C4244: '=': 'double'에서 'GLfloat'(으)로 변환하면서 데이터가 손실될 수 있습니다.
C:\Users\owner\Documents\Heewoo\Graphics\assn\assn3\repos\assn3_2_sub\assn3_2_sub\mat.h(810,39): warning C4244: '=': 'double'에서 'GLfloat'(으)로 변환하면서 데이터가 손실될 수 있습니다.
C:\Users\owner\Documents\Heewoo\Graphics\assn\assn3\repos\assn3_2_sub\assn3_2_sub\Game.h(20,22): warning C4305: '인수': 'double'에서 'GLfloat'(으)로 잘립니다.
C:\Users\owner\Documents\Heewoo\Graphics\assn\assn3\repos\assn3_2_sub\assn3_2_sub\Game.h(21,23): warning C4305: '인수': 'double'에서 'GLfloat'(으)로 잘립니다.
C:\Users\owner\Documents\Heewoo\Graphics\assn\assn3\repos\assn3_2_sub\assn3_2_sub\Game.h(22,18): warning C4305: '초기화 중': 'double'에서 'float'(으)로 잘립니다.
C:\Users\owner\Documents\Heewoo\Graphics\assn\assn3\repos\assn3_2_sub\assn3_2_sub\Model.cpp(13,24): warning C4244: '인수': 'double'에서 'GLfloat'(으)로 변환하면서 데이터가 손실될 수 있습니다.
C:\Users\owner\Documents\Heewoo\Graphics\assn\assn3\repos\assn3_2_sub\assn3_2_sub\Model.cpp(14,24): warning C4244: '인수': 'double'에서 'GLfloat'(으)로 변환하면서 데이터가 손실될 수 있습니다.
C:\Users\owner\Documents\Heewoo\Graphics\assn\assn3\repos\assn3_2_sub\assn3_2_sub\Model.cpp(15,21): warning C4244: '인수': 'double'에서 'GLfloat'(으)로 변환하면서 데이터가 손실될 수 있습니다.
C:\Users\owner\Documents\Heewoo\Graphics\assn\assn3\repos\assn3_2_sub\assn3_2_sub\Model.cpp(16,23): warning C4244: '인수': 'double'에서 'GLfloat'(으)로 변환하면서 데이터가 손실될 수 있습니다.
C:\Users\owner\Documents\Heewoo\Graphics\assn\assn3\repos\assn3_2_sub\assn3_2_sub\Model.cpp(17,27): warning C4244: '인수': 'double'에서 'GLfloat'(으)로 변환하면서 데이터가 손실될 수 있습니다.
C:\Users\owner\Documents\Heewoo\Graphics\assn\assn3\repos\assn3_2_sub\assn3_2_sub\Model.cpp(67,33): warning C4305: '-=': 'double'에서 'GLfloat'(으)로 잘립니다.
C:\Users\owner\Documents\Heewoo\Graphics\assn\assn3\repos\assn3_2_sub\assn3_2_sub\Model.cpp(70,33): warning C4305: '-=': 'double'에서 'GLfloat'(으)로 잘립니다.
C:\Users\owner\Documents\Heewoo\Graphics\assn\assn3\repos\assn3_2_sub\assn3_2_sub\Model.cpp(99,31): warning C4018: '<': signed 또는 unsigned가 일치하지 않습니다.
C:\Users\owner\Documents\Heewoo\Graphics\assn\assn3\repos\assn3_2_sub\assn3_2_sub\Model.cpp(110,55): warning C4244: '=': 'int'에서 'GLfloat'(으)로 변환하면서 데이터가 손실될 수 있습니다.
C:\Users\owner\Documents\Heewoo\Graphics\assn\assn3\repos\assn3_2_sub\assn3_2_sub\Model.cpp(113,55): warning C4244: '=': 'int'에서 'GLfloat'(으)로 변환하면서 데이터가 손실될 수 있습니다.
C:\Users\owner\Documents\Heewoo\Graphics\assn\assn3\repos\assn3_2_sub\assn3_2_sub\Model.cpp(116,56): warning C4244: '=': 'int'에서 'GLfloat'(으)로 변환하면서 데이터가 손실될 수 있습니다.
C:\Users\owner\Documents\Heewoo\Graphics\assn\assn3\repos\assn3_2_sub\assn3_2_sub\Model.cpp(130,23): warning C4018: '<': signed 또는 unsigned가 일치하지 않습니다.
C:\Program Files (x86)\Microsoft Visual Studio\2019\Community\VC\Tools\MSVC\14.29.30133\include\xmemory(681,47): warning C4244: '초기화 중': 'GLfloat'에서 '_Objty'(으)로 변환하면서 데이터가 손실될 수 있습니다.
          with
          [
              _Objty=unsigned int
          ]
C:\Program Files (x86)\Microsoft Visual Studio\2019\Community\VC\Tools\MSVC\14.29.30133\include\vector(708): message : 컴파일되는 함수 템플릿 인스턴스화 'void std::_Default_allocator_traits<_Alloc>::construct<_Ty,GLfloat&>(_Alloc &,_Objty *const ,GLfloat &)'에 대한 참조를 확인하세요.
          with
          [
              _Alloc=std::allocator<GLuint>,
              _Ty=unsigned int,
              _Objty=unsigned int
          ]
C:\Program Files (x86)\Microsoft Visual Studio\2019\Community\VC\Tools\MSVC\14.29.30133\include\vector(713): message : 컴파일되는 함수 템플릿 인스턴스화 'void std::_Default_allocator_traits<_Alloc>::construct<_Ty,GLfloat&>(_Alloc &,_Objty *const ,GLfloat &)'에 대한 참조를 확인하세요.
          with
          [
              _Alloc=std::allocator<GLuint>,
              _Ty=unsigned int,
              _Objty=unsigned int
          ]
C:\Program Files (x86)\Microsoft Visual Studio\2019\Community\VC\Tools\MSVC\14.29.30133\include\vector(726): message : 컴파일되는 함수 템플릿 인스턴스화 'void std::vector<GLuint,std::allocator<GLuint>>::_Emplace_back_with_unused_capacity<GLfloat&>(GLfloat &)'에 대한 참조를 확인하세요.
C:\Users\owner\Documents\Heewoo\Graphics\assn\assn3\repos\assn3_2_sub\assn3_2_sub\Model.cpp(120): message : 컴파일되는 함수 템플릿 인스턴스화 'void std::vector<GLuint,std::allocator<GLuint>>::emplace_back<GLfloat&>(GLfloat &)'에 대한 참조를 확인하세요.
  Object.cpp
C:\Users\owner\Documents\Heewoo\Graphics\assn\assn3\repos\assn3_2_sub\assn3_2_sub\Angel.h(63,48): warning C4305: '초기화 중': 'double'에서 'GLfloat'(으)로 잘립니다.
C:\Users\owner\Documents\Heewoo\Graphics\assn\assn3\repos\assn3_2_sub\assn3_2_sub\mat.h(765,23): warning C4244: '=': 'double'에서 'GLfloat'(으)로 변환하면서 데이터가 손실될 수 있습니다.
C:\Users\owner\Documents\Heewoo\Graphics\assn\assn3\repos\assn3_2_sub\assn3_2_sub\mat.h(766,23): warning C4244: '=': 'double'에서 'GLfloat'(으)로 변환하면서 데이터가 손실될 수 있습니다.
C:\Users\owner\Documents\Heewoo\Graphics\assn\assn3\repos\assn3_2_sub\assn3_2_sub\mat.h(767,23): warning C4244: '=': 'double'에서 'GLfloat'(으)로 변환하면서 데이터가 손실될 수 있습니다.
C:\Users\owner\Documents\Heewoo\Graphics\assn\assn3\repos\assn3_2_sub\assn3_2_sub\mat.h(788,31): warning C4244: '=': 'double'에서 'GLfloat'(으)로 변환하면서 데이터가 손실될 수 있습니다.
C:\Users\owner\Documents\Heewoo\Graphics\assn\assn3\repos\assn3_2_sub\assn3_2_sub\mat.h(790,31): warning C4244: '=': 'double'에서 'GLfloat'(으)로 변환하면서 데이터가 손실될 수 있습니다.
C:\Users\owner\Documents\Heewoo\Graphics\assn\assn3\repos\assn3_2_sub\assn3_2_sub\mat.h(793,39): warning C4244: '=': 'double'에서 'GLfloat'(으)로 변환하면서 데이터가 손실될 수 있습니다.
C:\Users\owner\Documents\Heewoo\Graphics\assn\assn3\repos\assn3_2_sub\assn3_2_sub\mat.h(810,39): warning C4244: '=': 'double'에서 'GLfloat'(으)로 변환하면서 데이터가 손실될 수 있습니다.
C:\Users\owner\Documents\Heewoo\Graphics\assn\assn3\repos\assn3_2_sub\assn3_2_sub\Game.h(20,22): warning C4305: '인수': 'double'에서 'GLfloat'(으)로 잘립니다.
C:\Users\owner\Documents\Heewoo\Graphics\assn\assn3\repos\assn3_2_sub\assn3_2_sub\Game.h(21,23): warning C4305: '인수': 'double'에서 'GLfloat'(으)로 잘립니다.
C:\Users\owner\Documents\Heewoo\Graphics\assn\assn3\repos\assn3_2_sub\assn3_2_sub\Game.h(22,18): warning C4305: '초기화 중': 'double'에서 'float'(으)로 잘립니다.
C:\Users\owner\Documents\Heewoo\Graphics\assn\assn3\repos\assn3_2_sub\assn3_2_sub\Object.cpp(72,16): warning C4305: '=': 'double'에서 'float'(으)로 잘립니다.
C:\Users\owner\Documents\Heewoo\Graphics\assn\assn3\repos\assn3_2_sub\assn3_2_sub\Object.cpp(76,81): warning C4244: '인수': 'double'에서 'float'(으)로 변환하면서 데이터가 손실될 수 있습니다.
C:\Users\owner\Documents\Heewoo\Graphics\assn\assn3\repos\assn3_2_sub\assn3_2_sub\Object.cpp(82,19): warning C4244: '초기화 중': 'double'에서 'float'(으)로 변환하면서 데이터가 손실될 수 있습니다.
C:\Users\owner\Documents\Heewoo\Graphics\assn\assn3\repos\assn3_2_sub\assn3_2_sub\Object.cpp(85,17): warning C4244: '초기화 중': 'double'에서 'float'(으)로 변환하면서 데이터가 손실될 수 있습니다.
C:\Users\owner\Documents\Heewoo\Graphics\assn\assn3\repos\assn3_2_sub\assn3_2_sub\Object.cpp(168,33): warning C4244: '=': 'double'에서 'float'(으)로 변환하면서 데이터가 손실될 수 있습니다.
C:\Users\owner\Documents\Heewoo\Graphics\assn\assn3\repos\assn3_2_sub\assn3_2_sub\Object.cpp(184,38): warning C4244: '=': 'double'에서 'float'(으)로 변환하면서 데이터가 손실될 수 있습니다.
C:\Users\owner\Documents\Heewoo\Graphics\assn\assn3\repos\assn3_2_sub\assn3_2_sub\Object.cpp(188,37): warning C4244: '-=': 'double'에서 'float'(으)로 변환하면서 데이터가 손실될 수 있습니다.
C:\Users\owner\Documents\Heewoo\Graphics\assn\assn3\repos\assn3_2_sub\assn3_2_sub\Object.cpp(197,12): warning C4244: '인수': 'time_t'에서 'unsigned int'(으)로 변환하면서 데이터가 손실될 수 있습니다.
C:\Users\owner\Documents\Heewoo\Graphics\assn\assn3\repos\assn3_2_sub\assn3_2_sub\Object.cpp(254,25): warning C4244: '=': 'double'에서 'float'(으)로 변환하면서 데이터가 손실될 수 있습니다.
C:\Users\owner\Documents\Heewoo\Graphics\assn\assn3\repos\assn3_2_sub\assn3_2_sub\Object.cpp(274,65): warning C4244: '인수': 'double'에서 'const GLfloat'(으)로 변환하면서 데이터가 손실될 수 있습니다.
C:\Users\owner\Documents\Heewoo\Graphics\assn\assn3\repos\assn3_2_sub\assn3_2_sub\Object.cpp(287,16): warning C4244: '초기화 중': 'double'에서 'GLuint'(으)로 변환하면서 데이터가 손실될 수 있습니다.
C:\Users\owner\Documents\Heewoo\Graphics\assn\assn3\repos\assn3_2_sub\assn3_2_sub\Object.cpp(288,35): warning C4244: '=': 'double'에서 'float'(으)로 변환하면서 데이터가 손실될 수 있습니다.
C:\Users\owner\Documents\Heewoo\Graphics\assn\assn3\repos\assn3_2_sub\assn3_2_sub\Object.cpp(297,58): warning C4244: '=': 'double'에서 'float'(으)로 변환하면서 데이터가 손실될 수 있습니다.
C:\Users\owner\Documents\Heewoo\Graphics\assn\assn3\repos\assn3_2_sub\assn3_2_sub\Object.cpp(321,25): warning C4244: '=': 'double'에서 'float'(으)로 변환하면서 데이터가 손실될 수 있습니다.
C:\Users\owner\Documents\Heewoo\Graphics\assn\assn3\repos\assn3_2_sub\assn3_2_sub\Object.cpp(351,11): warning C4244: '초기화 중': 'double'에서 'float'(으)로 변환하면서 데이터가 손실될 수 있습니다.
C:\Users\owner\Documents\Heewoo\Graphics\assn\assn3\repos\assn3_2_sub\assn3_2_sub\Object.cpp(353,10): warning C4244: '초기화 중': 'double'에서 'float'(으)로 변환하면서 데이터가 손실될 수 있습니다.
C:\Users\owner\Documents\Heewoo\Graphics\assn\assn3\repos\assn3_2_sub\assn3_2_sub\Object.cpp(364,23): warning C4244: '인수': 'double'에서 'float'(으)로 변환하면서 데이터가 손실될 수 있습니다.
C:\Users\owner\Documents\Heewoo\Graphics\assn\assn3\repos\assn3_2_sub\assn3_2_sub\Object.cpp(376,25): warning C4244: '=': 'double'에서 'float'(으)로 변환하면서 데이터가 손실될 수 있습니다.
C:\Users\owner\Documents\Heewoo\Graphics\assn\assn3\repos\assn3_2_sub\assn3_2_sub\Object.cpp(402,11): warning C4244: '초기화 중': 'double'에서 'float'(으)로 변환하면서 데이터가 손실될 수 있습니다.
C:\Users\owner\Documents\Heewoo\Graphics\assn\assn3\repos\assn3_2_sub\assn3_2_sub\Object.cpp(404,10): warning C4244: '초기화 중': 'double'에서 'float'(으)로 변환하면서 데이터가 손실될 수 있습니다.
  main.cpp
C:\Users\owner\Documents\Heewoo\Graphics\assn\assn3\repos\assn3_2_sub\assn3_2_sub\Angel.h(63,48): warning C4305: '초기화 중': 'double'에서 'GLfloat'(으)로 잘립니다.
C:\Users\owner\Documents\Heewoo\Graphics\assn\assn3\repos\assn3_2_sub\assn3_2_sub\mat.h(765,23): warning C4244: '=': 'double'에서 'GLfloat'(으)로 변환하면서 데이터가 손실될 수 있습니다.
C:\Users\owner\Documents\Heewoo\Graphics\assn\assn3\repos\assn3_2_sub\assn3_2_sub\mat.h(766,23): warning C4244: '=': 'double'에서 'GLfloat'(으)로 변환하면서 데이터가 손실될 수 있습니다.
C:\Users\owner\Documents\Heewoo\Graphics\assn\assn3\repos\assn3_2_sub\assn3_2_sub\mat.h(767,23): warning C4244: '=': 'double'에서 'GLfloat'(으)로 변환하면서 데이터가 손실될 수 있습니다.
C:\Users\owner\Documents\Heewoo\Graphics\assn\assn3\repos\assn3_2_sub\assn3_2_sub\mat.h(788,31): warning C4244: '=': 'double'에서 'GLfloat'(으)로 변환하면서 데이터가 손실될 수 있습니다.
C:\Users\owner\Documents\Heewoo\Graphics\assn\assn3\repos\assn3_2_sub\assn3_2_sub\mat.h(790,31): warning C4244: '=': 'double'에서 'GLfloat'(으)로 변환하면서 데이터가 손실될 수 있습니다.
C:\Users\owner\Documents\Heewoo\Graphics\assn\assn3\repos\assn3_2_sub\assn3_2_sub\mat.h(793,39): warning C4244: '=': 'double'에서 'GLfloat'(으)로 변환하면서 데이터가 손실될 수 있습니다.
C:\Users\owner\Documents\Heewoo\Graphics\assn\assn3\repos\assn3_2_sub\assn3_2_sub\mat.h(810,39): warning C4244: '=': 'double'에서 'GLfloat'(으)로 변환하면서 데이터가 손실될 수 있습니다.
C:\Users\owner\Documents\Heewoo\Graphics\assn\assn3\repos\assn3_2_sub\assn3_2_sub\Game.h(20,22): warning C4305: '인수': 'double'에서 'GLfloat'(으)로 잘립니다.
C:\Users\owner\Documents\Heewoo\Graphics\assn\assn3\repos\assn3_2_sub\assn3_2_sub\Game.h(21,23): warning C4305: '인수': 'double'에서 'GLfloat'(으)로 잘립니다.
C:\Users\owner\Documents\Heewoo\Graphics\assn\assn3\repos\assn3_2_sub\assn3_2_sub\Game.h(22,18): warning C4305: '초기화 중': 'double'에서 'float'(으)로 잘립니다.
C:\Users\owner\Documents\Heewoo\Graphics\assn\assn3\repos\assn3_2_sub\assn3_2_sub\main.cpp(20,14): warning C4244: '초기화 중': 'double'에서 'float'(으)로 변환하면서 데이터가 손실될 수 있습니다.
C:\Users\owner\Documents\Heewoo\Graphics\assn\assn3\repos\assn3_2_sub\assn3_2_sub\main.cpp(21,13): warning C4244: '초기화 중': 'double'에서 'float'(으)로 변환하면서 데이터가 손실될 수 있습니다.
C:\Users\owner\Documents\Heewoo\Graphics\assn\assn3\repos\assn3_2_sub\assn3_2_sub\main.cpp(22,12): warning C4244: '초기화 중': 'double'에서 'float'(으)로 변환하면서 데이터가 손실될 수 있습니다.
C:\Users\owner\Documents\Heewoo\Graphics\assn\assn3\repos\assn3_2_sub\assn3_2_sub\main.cpp(23,12): warning C4244: '초기화 중': 'double'에서 'float'(으)로 변환하면서 데이터가 손실될 수 있습니다.
C:\Users\owner\Documents\Heewoo\Graphics\assn\assn3\repos\assn3_2_sub\assn3_2_sub\main.cpp(25,17): warning C4244: '초기화 중': 'double'에서 'float'(으)로 변환하면서 데이터가 손실될 수 있습니다.
C:\Users\owner\Documents\Heewoo\Graphics\assn\assn3\repos\assn3_2_sub\assn3_2_sub\main.cpp(26,18): warning C4244: '초기화 중': 'double'에서 'float'(으)로 변환하면서 데이터가 손실될 수 있습니다.
C:\Users\owner\Documents\Heewoo\Graphics\assn\assn3\repos\assn3_2_sub\assn3_2_sub\main.cpp(27,16): warning C4244: '초기화 중': 'double'에서 'float'(으)로 변환하면서 데이터가 손실될 수 있습니다.
C:\Users\owner\Documents\Heewoo\Graphics\assn\assn3\repos\assn3_2_sub\assn3_2_sub\main.cpp(28,16): warning C4244: '초기화 중': 'double'에서 'float'(으)로 변환하면서 데이터가 손실될 수 있습니다.
C:\Users\owner\Documents\Heewoo\Graphics\assn\assn3\repos\assn3_2_sub\assn3_2_sub\main.cpp(169,37): warning C4305: '인수': 'double'에서 'GLfloat'(으)로 잘립니다.
C:\Users\owner\Documents\Heewoo\Graphics\assn\assn3\repos\assn3_2_sub\assn3_2_sub\main.cpp(173,46): warning C4305: '인수': 'double'에서 'const GLfloat'(으)로 잘립니다.
C:\Users\owner\Documents\Heewoo\Graphics\assn\assn3\repos\assn3_2_sub\assn3_2_sub\main.cpp(178,38): warning C4305: '인수': 'double'에서 'GLfloat'(으)로 잘립니다.
C:\Users\owner\Documents\Heewoo\Graphics\assn\assn3\repos\assn3_2_sub\assn3_2_sub\main.cpp(179,36): warning C4305: '인수': 'double'에서 'GLfloat'(으)로 잘립니다.
C:\Users\owner\Documents\Heewoo\Graphics\assn\assn3\repos\assn3_2_sub\assn3_2_sub\main.cpp(183,53): warning C4305: '인수': 'double'에서 'const GLfloat'(으)로 잘립니다.
C:\Users\owner\Documents\Heewoo\Graphics\assn\assn3\repos\assn3_2_sub\assn3_2_sub\main.cpp(189,38): warning C4305: '인수': 'double'에서 'GLfloat'(으)로 잘립니다.
C:\Users\owner\Documents\Heewoo\Graphics\assn\assn3\repos\assn3_2_sub\assn3_2_sub\main.cpp(193,46): warning C4305: '인수': 'double'에서 'const GLfloat'(으)로 잘립니다.
C:\Users\owner\Documents\Heewoo\Graphics\assn\assn3\repos\assn3_2_sub\assn3_2_sub\main.cpp(200,34): warning C4326: 'main'의 반환 형식이 'int'이어야 하는데 'void'입니다.
  코드를 생성하고 있습니다...
  assn3_2_sub.vcxproj -> C:\Users\owner\Documents\Heewoo\Graphics\assn\assn3\repos\assn3_2_sub\assn3_2_sub\bin\x86\assn3_2_sub.exe
